<?xml version="1.0" encoding="UTF-8"?>
<!-- Generated by org.testng.reporters.JUnitReportReporter -->
<testsuite hostname="PREDATOR" failures="0" tests="4" name="org.GreenKartAutomation.TestClasses.PromoCodeTests" time="48.849" errors="0" timestamp="2024-10-21T23:48:12 IST" skipped="0">
  <testcase classname="org.GreenKartAutomation.TestClasses.PromoCodeTests" name="EmptyStringPromoCode" time="9.650"/>
  <system-out/>
  <testcase classname="org.GreenKartAutomation.TestClasses.PromoCodeTests" name="InvalidPromoCodeDiscount" time="14.868"/>
  <system-out/>
  <testcase classname="org.GreenKartAutomation.TestClasses.PromoCodeTests" name="ValidPromoCodeDiscount" time="14.808"/>
  <system-out/>
  <testcase classname="org.GreenKartAutomation.TestClasses.PromoCodeTests" name="EmptyPromoCodeDiscount" time="9.523"/>
  <system-out/>
</testsuite> <!-- org.GreenKartAutomation.TestClasses.PromoCodeTests -->
